0 info it worked if it ends with ok
1 verbose cli [ 'C:\\Program Files\\nodejs\\node.exe',
1 verbose cli   'C:\\Program Files\\nodejs\\node_modules\\npm\\bin\\npm-cli.js',
1 verbose cli   'install',
1 verbose cli   '-g',
1 verbose cli   'ionic' ]
2 info using npm@2.15.8
3 info using node@v4.4.7
4 verbose install initial load of C:\Users\Gaurav\AppData\Roaming\npm\package.json
5 verbose readDependencies loading dependencies from C:\Users\Gaurav\AppData\Roaming\npm\package.json
6 silly cache add args [ 'ionic', null ]
7 verbose cache add spec ionic
8 silly cache add parsed spec Result {
8 silly cache add   raw: 'ionic',
8 silly cache add   scope: null,
8 silly cache add   name: 'ionic',
8 silly cache add   rawSpec: '',
8 silly cache add   spec: 'latest',
8 silly cache add   type: 'tag' }
9 silly addNamed ionic@latest
10 verbose addNamed "latest" is being treated as a dist-tag for ionic
11 info addNameTag [ 'ionic', 'latest' ]
12 silly mapToRegistry name ionic
13 silly mapToRegistry using default registry
14 silly mapToRegistry registry https://registry.npmjs.org/
15 silly mapToRegistry data Result {
15 silly mapToRegistry   raw: 'ionic',
15 silly mapToRegistry   scope: null,
15 silly mapToRegistry   name: 'ionic',
15 silly mapToRegistry   rawSpec: '',
15 silly mapToRegistry   spec: 'latest',
15 silly mapToRegistry   type: 'tag' }
16 silly mapToRegistry uri https://registry.npmjs.org/ionic
17 verbose addNameTag registry:https://registry.npmjs.org/ionic not in flight; fetching
18 verbose request uri https://registry.npmjs.org/ionic
19 verbose request no auth needed
20 info attempt registry request try #1 at 3:02:31 PM
21 verbose request id 72d0b36a44a8d128
22 verbose etag "EU3OALWKUB34HWF6DV03HMQVX"
23 http request GET https://registry.npmjs.org/ionic
24 http 200 https://registry.npmjs.org/ionic
25 verbose headers { server: 'CouchDB/1.6.1 (Erlang OTP/R16B03)',
25 verbose headers   etag: '"F44EX7H5KF3S52DQY83ALUR6L"',
25 verbose headers   'content-type': 'application/json',
25 verbose headers   'content-encoding': 'gzip',
25 verbose headers   'cache-control': 'max-age=300',
25 verbose headers   'content-length': '65556',
25 verbose headers   'accept-ranges': 'bytes',
25 verbose headers   date: 'Mon, 22 Aug 2016 09:33:01 GMT',
25 verbose headers   via: '1.1 varnish',
25 verbose headers   age: '140',
25 verbose headers   connection: 'keep-alive',
25 verbose headers   'x-served-by': 'cache-sin6922-SIN',
25 verbose headers   'x-cache': 'HIT',
25 verbose headers   'x-cache-hits': '32',
25 verbose headers   'x-timer': 'S1471858381.431013,VS0,VE0',
25 verbose headers   vary: 'Accept-Encoding' }
26 silly get cb [ 200,
26 silly get   { server: 'CouchDB/1.6.1 (Erlang OTP/R16B03)',
26 silly get     etag: '"F44EX7H5KF3S52DQY83ALUR6L"',
26 silly get     'content-type': 'application/json',
26 silly get     'content-encoding': 'gzip',
26 silly get     'cache-control': 'max-age=300',
26 silly get     'content-length': '65556',
26 silly get     'accept-ranges': 'bytes',
26 silly get     date: 'Mon, 22 Aug 2016 09:33:01 GMT',
26 silly get     via: '1.1 varnish',
26 silly get     age: '140',
26 silly get     connection: 'keep-alive',
26 silly get     'x-served-by': 'cache-sin6922-SIN',
26 silly get     'x-cache': 'HIT',
26 silly get     'x-cache-hits': '32',
26 silly get     'x-timer': 'S1471858381.431013,VS0,VE0',
26 silly get     vary: 'Accept-Encoding' } ]
27 verbose get saving ionic to C:\Users\Gaurav\AppData\Roaming\npm-cache\registry.npmjs.org\ionic\.cache.json
28 verbose correctMkdir C:\Users\Gaurav\AppData\Roaming\npm-cache correctMkdir not in flight; initializing
29 silly addNameTag next cb for ionic with tag latest
30 silly addNamed ionic@2.0.0
31 verbose addNamed "2.0.0" is a plain semver version for ionic
32 silly mapToRegistry name ionic
33 silly mapToRegistry using default registry
34 silly mapToRegistry registry https://registry.npmjs.org/
35 silly mapToRegistry data Result {
35 silly mapToRegistry   raw: 'ionic',
35 silly mapToRegistry   scope: null,
35 silly mapToRegistry   name: 'ionic',
35 silly mapToRegistry   rawSpec: '',
35 silly mapToRegistry   spec: 'latest',
35 silly mapToRegistry   type: 'tag' }
36 silly mapToRegistry uri https://registry.npmjs.org/ionic
37 verbose addRemoteTarball https://registry.npmjs.org/ionic/-/ionic-2.0.0.tgz not in flight; adding
38 verbose addRemoteTarball [ 'https://registry.npmjs.org/ionic/-/ionic-2.0.0.tgz',
38 verbose addRemoteTarball   '8135804e1f2470292100dedadc571e99023e4f7c' ]
39 info retry fetch attempt 1 at 3:02:33 PM
40 info attempt registry request try #1 at 3:02:33 PM
41 http fetch GET https://registry.npmjs.org/ionic/-/ionic-2.0.0.tgz
42 http fetch 200 https://registry.npmjs.org/ionic/-/ionic-2.0.0.tgz
43 info retry will retry, error on last attempt: Error: read ECONNRESET
44 info retry will retry, error on last attempt: Error: read ECONNRESET
45 silly fetchAndShaCheck shasum 8135804e1f2470292100dedadc571e99023e4f7c
46 verbose stack Error: shasum check failed for C:\Users\Gaurav\AppData\Local\Temp\npm-5996-25ef6cf0\registry.npmjs.org\ionic\-\ionic-2.0.0.tgz
46 verbose stack Expected: 8135804e1f2470292100dedadc571e99023e4f7c
46 verbose stack Actual:   1ac837ee6b4672e36480f274235715353343d5a6
46 verbose stack From:     https://registry.npmjs.org/ionic/-/ionic-2.0.0.tgz
46 verbose stack     at C:\Program Files\nodejs\node_modules\npm\node_modules\sha\index.js:25:8
46 verbose stack     at ReadStream.<anonymous> (C:\Program Files\nodejs\node_modules\npm\node_modules\sha\index.js:72:7)
46 verbose stack     at emitNone (events.js:72:20)
46 verbose stack     at ReadStream.emit (events.js:166:7)
46 verbose stack     at endReadableNT (_stream_readable.js:921:12)
46 verbose stack     at nextTickCallbackWith2Args (node.js:442:9)
46 verbose stack     at process._tickCallback (node.js:356:17)
47 verbose cwd E:\ionic\Smoking Mirror\my
48 error Windows_NT 6.1.7601
49 error argv "C:\\Program Files\\nodejs\\node.exe" "C:\\Program Files\\nodejs\\node_modules\\npm\\bin\\npm-cli.js" "install" "-g" "ionic"
50 error node v4.4.7
51 error npm  v2.15.8
52 error shasum check failed for C:\Users\Gaurav\AppData\Local\Temp\npm-5996-25ef6cf0\registry.npmjs.org\ionic\-\ionic-2.0.0.tgz
52 error Expected: 8135804e1f2470292100dedadc571e99023e4f7c
52 error Actual:   1ac837ee6b4672e36480f274235715353343d5a6
52 error From:     https://registry.npmjs.org/ionic/-/ionic-2.0.0.tgz
53 error If you need help, you may report this error at:
53 error     <https://github.com/npm/npm/issues>
54 verbose exit [ 1, true ]
